<?xml version="1.0" encoding="UTF-8"?>
<!-- Generated by org.testng.reporters.JUnitXMLReporter -->
<testsuite ignored="0" hostname="DESKTOP-FLFED06" failures="1" tests="11" name="TutorialsNinjaTestCases" time="137.845" errors="0" timestamp="2023-03-01T18:51:16 IST">
  <testcase classname="com.tutorialsninjaqa.testcases.Search" name="verifySearchWithValidProducts" time="0.99"/>
  <testcase classname="com.tutorialsninjaqa.testcases.Search" name="verifySearchWithInvalidProduct" time="1.712"/>
  <testcase classname="com.tutorialsninjaqa.testcases.Search" name="verifySearchWithoutAnyProduct" time="0.662"/>
  <testcase classname="com.tutorialsninjaqa.testcases.Register" name="VerifyRegisteringAccountWithMandatoryFields" time="2.979"/>
  <testcase classname="com.tutorialsninjaqa.testcases.Register" name="verifyRegisteringAccountsbyAllFields" time="2.523"/>
  <testcase classname="com.tutorialsninjaqa.testcases.Register" name="verifyRegisteringAccountWithoutFillinganyDetails" time="1.418">
    <failure type="java.lang.AssertionError" message="expected [true] but found [false]">
      <![CDATA[java.lang.AssertionError: expected [true] but found [false]
at com.tutorialsninjaqa.testcases.Register.verifyRegisteringAccountWithoutFillinganyDetails(Register.java:128)
at java.base/java.util.ArrayList.forEach(ArrayList.java:1507)
... Removed 31 stack frames]]>
    </failure>
  </testcase> <!-- verifyRegisteringAccountWithoutFillinganyDetails -->
  <testcase classname="com.tutorialsninjaqa.testcases.Register" name="verifyRegisteringwithExistingEmailAddress" time="0.0">
    <skipped/>
  </testcase> <!-- verifyRegisteringwithExistingEmailAddress -->
  <testcase classname="com.tutorialsninjaqa.testcases.Login" name="verifyWithValidCredentials" time="2.478"/>
  <testcase classname="com.tutorialsninjaqa.testcases.Login" name="verifyWithValidCredentials" time="1.839"/>
  <testcase classname="com.tutorialsninjaqa.testcases.Login" name="verifyWithValidCredentials" time="1.201"/>
  <testcase classname="com.tutorialsninjaqa.testcases.Login" name="verifyWithInvalidCredentials" time="1.833"/>
</testsuite> <!-- TutorialsNinjaTestCases -->
